<?xml version="1.0" encoding="UTF-8"?>
<!-- Generated by org.testng.reporters.JUnitReportReporter -->
<testsuite hostname="SudhaHome" failures="0" tests="1" name="testCases.TC_001_AccountRegistrationTest" time="16.213" errors="0" timestamp="2023-04-27T16:20:22 EDT" skipped="0">
  <testcase classname="testCases.TC_001_AccountRegistrationTest" name="test_account_Registration" time="16.213"/>
  <system-out/>
</testsuite> <!-- testCases.TC_001_AccountRegistrationTest -->
